Determining if the pthread_create exist failed with the following output:
Change Dir: /home/smartwater/Documentos/smartwater/Tensorflow/scripts/svo_recording/cpp/CMakeFiles/CMakeTmp

Run Build Command:"/usr/bin/make" "cmTC_dbf70/fast"
/usr/bin/make -f CMakeFiles/cmTC_dbf70.dir/build.make CMakeFiles/cmTC_dbf70.dir/build
make[1]: Entering directory '/home/smartwater/Documentos/smartwater/Tensorflow/scripts/svo_recording/cpp/CMakeFiles/CMakeTmp'
Building C object CMakeFiles/cmTC_dbf70.dir/CheckSymbolExists.c.o
/usr/bin/cc    -o CMakeFiles/cmTC_dbf70.dir/CheckSymbolExists.c.o   -c /home/smartwater/Documentos/smartwater/Tensorflow/scripts/svo_recording/cpp/CMakeFiles/CMakeTmp/CheckSymbolExists.c
Linking C executable cmTC_dbf70
/usr/bin/cmake -E cmake_link_script CMakeFiles/cmTC_dbf70.dir/link.txt --verbose=1
/usr/bin/cc      -rdynamic CMakeFiles/cmTC_dbf70.dir/CheckSymbolExists.c.o  -o cmTC_dbf70 
CMakeFiles/cmTC_dbf70.dir/CheckSymbolExists.c.o: In function `main':
CheckSymbolExists.c:(.text+0x14): undefined reference to `pthread_create'
CheckSymbolExists.c:(.text+0x18): undefined reference to `pthread_create'
collect2: error: ld returned 1 exit status
CMakeFiles/cmTC_dbf70.dir/build.make:97: recipe for target 'cmTC_dbf70' failed
make[1]: *** [cmTC_dbf70] Error 1
make[1]: Leaving directory '/home/smartwater/Documentos/smartwater/Tensorflow/scripts/svo_recording/cpp/CMakeFiles/CMakeTmp'
Makefile:126: recipe for target 'cmTC_dbf70/fast' failed
make: *** [cmTC_dbf70/fast] Error 2

File /home/smartwater/Documentos/smartwater/Tensorflow/scripts/svo_recording/cpp/CMakeFiles/CMakeTmp/CheckSymbolExists.c:
/* */
#include <pthread.h>

int main(int argc, char** argv)
{
  (void)argv;
#ifndef pthread_create
  return ((int*)(&pthread_create))[argc];
#else
  (void)argc;
  return 0;
#endif
}

Determining if the function pthread_create exists in the pthreads failed with the following output:
Change Dir: /home/smartwater/Documentos/smartwater/Tensorflow/scripts/svo_recording/cpp/CMakeFiles/CMakeTmp

Run Build Command:"/usr/bin/make" "cmTC_10163/fast"
/usr/bin/make -f CMakeFiles/cmTC_10163.dir/build.make CMakeFiles/cmTC_10163.dir/build
make[1]: Entering directory '/home/smartwater/Documentos/smartwater/Tensorflow/scripts/svo_recording/cpp/CMakeFiles/CMakeTmp'
Building C object CMakeFiles/cmTC_10163.dir/CheckFunctionExists.c.o
/usr/bin/cc   -DCHECK_FUNCTION_EXISTS=pthread_create   -o CMakeFiles/cmTC_10163.dir/CheckFunctionExists.c.o   -c /usr/share/cmake-3.10/Modules/CheckFunctionExists.c
Linking C executable cmTC_10163
/usr/bin/cmake -E cmake_link_script CMakeFiles/cmTC_10163.dir/link.txt --verbose=1
/usr/bin/cc  -DCHECK_FUNCTION_EXISTS=pthread_create    -rdynamic CMakeFiles/cmTC_10163.dir/CheckFunctionExists.c.o  -o cmTC_10163 -lpthreads 
/usr/bin/ld: cannot find -lpthreads
collect2: error: ld returned 1 exit status
CMakeFiles/cmTC_10163.dir/build.make:97: recipe for target 'cmTC_10163' failed
make[1]: *** [cmTC_10163] Error 1
make[1]: Leaving directory '/home/smartwater/Documentos/smartwater/Tensorflow/scripts/svo_recording/cpp/CMakeFiles/CMakeTmp'
Makefile:126: recipe for target 'cmTC_10163/fast' failed
make: *** [cmTC_10163/fast] Error 2


